0.0000000596181
0.0000000594713
0.0000000595438
0.0000000595520
0.0000000983417
0.0000000602989
0.0000000597591
0.0000000594954
0.0000000595717
0.0000000595385
0.0000000595530
0.0000000616705
0.0000000998067
0.0000000596164
0.0000000598928
0.0000000595708
0.0000000594808
0.0000000596006
0.0000000595501
0.0000000667999
0.0000000942486
0.0000000595436
0.0000000594688
0.0000000594936
0.0000000596611
0.0000000597448
0.0000000594609
0.0000000703712
0.0000000903928
0.0000000595455
0.0000000595468
0.0000000595364
0.0000000596929
0.0000000596458
0.0000000595615
0.0000000745879
0.0000000863974
0.0000000594748
0.0000000595585
0.0000000595044
0.0000000595650
0.0000000597028
0.0000000595174
0.0000000796904
0.0000000821762
0.0000000598607
0.0000000594496
0.0000000595860
0.0000000595305
0.0000000595535
0.0000000594951
0.0000000836092
0.0000000774501
0.0000000595931
0.0000000595220
0.0000000595058
0.0000000594870
0.0000000595739
0.0000000595368
0.0000000880122
0.0000000726948
0.0000000595509
0.0000000595165
0.0000000596343
0.0000000596662
0.0000000596496
0.0000000596066
0.0000000941176
0.0000000674049
0.0000000595776
0.0000000595147
0.0000000595504
0.0000000596559
0.0000000595124
0.0000000595472
0.0000001132480
0.0000000597913
0.0000000597134
0.0000000596214
0.0000000595224
0.0000000595164
0.0000000594773
0.0000000625740
0.0000000984465
0.0000000596848
0.0000000596041
0.0000000595478
0.0000000594793
0.0000000596203
0.0000000596221
0.0000000664270
0.0000000939549
0.0000000595313
0.0000000595725
0.0000000595699
0.0000000595135
0.0000000595708
0.0000000595909
0.0000000710371
0.0000000906503
0.0000000596058
0.0000000597505
0.0000000595116
0.0000000595487
0.0000000596163
0.0000000595655
0.0000000760874
0.0000000847640
0.0000000596359
0.0000000595215
0.0000000595321
0.0000000595413
0.0000000595443
0.0000000596077
0.0000000810936
0.0000000796250
0.0000000594911
0.0000000594801
0.0000000595944
0.0000000595835
0.0000000594653
0.0000000595233
0.0000000859132
0.0000000752646
0.0000000596197
0.0000000597569
0.0000000595476
0.0000000595750
0.0000000595358
0.0000000595272
0.0000000902513
0.0000000705610
0.0000000596375
0.0000000596392
0.0000000595772
0.0000000594712
0.0000000594942
0.0000000595237
0.0000000952102
0.0000000652729
0.0000000595854
0.0000000594381
0.0000000595016
0.0000000595137
0.0000000596969
0.0000000595914
0.0000000993433
0.0000000609773
0.0000000595292
0.0000000595970
0.0000000595091
0.0000000596232
0.0000000596552
0.0000000618284
0.0000000985486
0.0000000595307
0.0000000594530
0.0000000595713
0.0000000595741
0.0000000595041
0.0000000594680
0.0000000666905
0.0000000942510
0.0000000595781
0.0000000596819
0.0000000596450
0.0000000595408
0.0000000595812
0.0000000595498
0.0000000710200
0.0000000896687
0.0000000597604
0.0000000599990
0.0000000595834
0.0000000595523
0.0000000594799
0.0000000595943
0.0000000753217
0.0000000867084
0.0000000595370
0.0000000600147
0.0000000595194
0.0000000596650
0.0000000597638
0.0000000594956
0.0000000801136
0.0000000812409
0.0000000595567
0.0000000597693
0.0000000596074
0.0000000594989
0.0000000595559
0.0000000597087
0.0000000840690
0.0000000773335
0.0000000595277
0.0000000599999
0.0000000596074
0.0000000595594
0.0000000594922
0.0000000597140
0.0000000895380
0.0000000716752
0.0000000595304
0.0000000595450
0.0000000595509
0.0000000595567
0.0000000597613
0.0000000595124
0.0000000939021
0.0000000669898
0.0000000594703
0.0000000597556
0.0000000596254
0.0000000595889
0.0000000595034
0.0000000595690
0.0000000982050
0.0000000733114
0.0000000596171
0.0000000595551
0.0000000595681
0.0000000596509
0.0000000595546
0.0000000671737
0.0000000948591
0.0000000597772
0.0000000595042
0.0000000596496
0.0000000595599
0.0000000594486
0.0000000595226
0.0000000734675
0.0000000878469
0.0000000595787
0.0000000599426
0.0000000594860
0.0000000597390
0.0000000595817
0.0000000594925
0.0000000773912
0.0000000831258
0.0000000594295
0.0000000595213
0.0000000595207
0.0000000595249
0.0000000595555
0.0000000598046
0.0000000825145
0.0000000798683
0.0000000598088
0.0000000595645
0.0000000596684
0.0000000595803
0.0000000595602
0.0000000595108
0.0000000874112
0.0000000731904
0.0000000595241
0.0000000596326
0.0000000595221
0.0000000595189
0.0000000595164
0.0000000595450
0.0000000926423
0.0000000683363
0.0000000595136
0.0000000595987
0.0000000595669
0.0000000595634
0.0000000595507
0.0000000595046
0.0000000970793
0.0000000645605
0.0000000595379
0.0000000594860
0.0000000596109
0.0000000595231
0.0000000595511
0.0000000594774
0.0000000982961
0.0000000595448
0.0000000595743
0.0000000595391
0.0000000595922
0.0000000595653
0.0000000596042
0.0000000640906
0.0000000972732
0.0000000595277
0.0000000595118
0.0000000594715
0.0000000596217
0.0000000595345
0.0000000596271
0.0000000686834
0.0000000925303
0.0000000596044
0.0000000595207
0.0000000595043
0.0000000595879
0.0000000595825
0.0000000595389
0.0000000732286
0.0000000877662
0.0000000594401
0.0000000594509
0.0000000597607
0.0000000595901
0.0000000595049
0.0000000595529
0.0000000781964
0.0000000825683
0.0000000596058
0.0000000595141
0.0000000594529
0.0000000596351
0.0000000595227
0.0000000595054
0.0000000832166
0.0000000776722
0.0000000594704
0.0000000595965
0.0000000595941
0.0000000594902
0.0000000596044
0.0000000596796
0.0000000881864
0.0000000724242
0.0000000595333
0.0000000595096
0.0000000595976
0.0000000596598
0.0000000595492
0.0000000595116
0.0000000933211
0.0000000683599
0.0000000598171
0.0000000595267
0.0000000594792
0.0000000594802
0.0000000595455
0.0000000595878
0.0000000973008
0.0000000631084
0.0000000596606
0.0000000595908
0.0000000598553
0.0000000595248
0.0000000595264
0.0000000595378
0.0000000982569
0.0000000596807
0.0000000595522
0.0000000594666
0.0000000594774
0.0000000595459
0.0000000595255
0.0000000631721
0.0000000979057
0.0000000594780
0.0000000595109
0.0000000595456
0.0000000596060
0.0000000595323
0.0000000596116
0.0000000672963
0.0000000936523
0.0000000595241
0.0000000595319
0.0000000595451
0.0000000595293
0.0000000596410
0.0000000595519
0.0000000717814
0.0000000899969
0.0000000598084
0.0000000594923
0.0000000595191
0.0000000594589
0.0000000594681
0.0000000594271
0.0000000745862
0.0000000859675
0.0000000594274
0.0000000595252
0.0000000595744
0.0000000596637
0.0000000594529
0.0000000596504
0.0000000785580
0.0000000819763
0.0000000595364
0.0000000595171
0.0000000595836
0.0000000595036
0.0000000595580
0.0000000594337
0.0000000834316
0.0000000779884
0.0000000597306
0.0000000595470
0.0000000594939
0.0000000594828
0.0000000594802
0.0000000594837
0.0000000865990
0.0000000754847
0.0000000594836
0.0000000594181
0.0000000595309
0.0000000594783
0.0000000594982
0.0000000595673
0.0000000889903
0.0000000716090
0.0000000595130
0.0000000594961
0.0000000594904
0.0000000594674
0.0000000594894
0.0000000594870
0.0000000929219
0.0000000681776
0.0000000594635
0.0000000594688
0.0000000596471
0.0000000595096
0.0000000596340
0.0000000595668
0.0000000962338
0.0000000663281
0.0000000595514
0.0000000594814
0.0000000595875
0.0000000595422
0.0000000596114
0.0000000594447
0.0000000991230
0.0000000616269
0.0000000597479
0.0000000595032
0.0000000595156
0.0000000594796
0.0000000594763
0.0000000594850
0.0000000983085
0.0000000596404
0.0000000595137
0.0000000594408
0.0000000595354
0.0000000595796
0.0000000594896
0.0000000631928
0.0000000970388
0.0000000594759
0.0000000594799
0.0000000595323
0.0000000595414
0.0000000594714
0.0000000594751
0.0000000642543
0.0000000967259
0.0000000594497
0.0000000596004
0.0000000595026
0.0000000595191
0.0000000594782
0.0000000702988
0.0000000742625
0.0000000866585
0.0000000595409
0.0000000594810
0.0000000597190
0.0000000594739
0.0000000595424
0.0000000594204
0.0000000781564
0.0000000839961
0.0000000597111
0.0000000594637
0.0000000594599
0.0000000594895
0.0000000595458
0.0000000595153
0.0000000814099
0.0000000795467
0.0000000594084
0.0000000596099
0.0000000595394
0.0000000594782
0.0000000594270
0.0000000594871
0.0000000846790
0.0000000762339
0.0000000595856
0.0000000594865
0.0000000594929
0.0000000596148
0.0000000594867
0.0000000594371
0.0000000882469
0.0000000730724
0.0000000594427
0.0000000594486
0.0000000594441
0.0000000594897
0.0000000595154
0.0000000596889
0.0000000914729
0.0000000694594
0.0000000594284
0.0000000594072
0.0000000596061
0.0000000594786
0.0000000595319
0.0000000594368
0.0000000948644
0.0000000673672
0.0000000596919
0.0000000595030
0.0000000594830
0.0000000595303
0.0000000595797
0.0000000594224
0.0000000966810
0.0000000638354
0.0000000595134
0.0000000596494
0.0000000595497
0.0000000594293
0.0000000594709
0.0000000594573
0.0000000983258
0.0000000610610
0.0000000595286
0.0000000594560
0.0000000595301
0.0000000595220
0.0000000595708
0.0000000595795
0.0000000978938
0.0000000595355
0.0000000594606
0.0000000602008
0.0000000595269
0.0000000596790
0.0000000595386
0.0000000623496
0.0000000991451
0.0000000596485
0.0000000594289
0.0000000595528
0.0000000596251
0.0000000594996
0.0000000595686
0.0000000664045
0.0000000946569
0.0000000594730
0.0000000595056
0.0000000594097
0.0000000596507
0.0000000594800
0.0000000594263
0.0000000692829
0.0000000918562
0.0000000595225
0.0000000596270
0.0000000595664
0.0000000594121
0.0000000594748
0.0000000595069
0.0000000731456
0.0000000883298
0.0000000594953
0.0000000634971
0.0000000594881
0.0000000595416
0.0000000595117
0.0000000594738
0.0000000786669
0.0000000826539
0.0000000594973
0.0000000599465
0.0000000595091
0.0000000594914
0.0000000594476
0.0000000596736
0.0000000828981
0.0000000773717
0.0000000594883
0.0000000594901
0.0000000594848
0.0000000595252
0.0000000595618
0.0000000595910
0.0000000867365
0.0000000744821
0.0000000594926
0.0000000594239
0.0000000595794
0.0000000595173
0.0000000595225
0.0000000594555
0.0000000895177
0.0000000713649
0.0000000595252
0.0000000595368
0.0000000594803
0.0000000595013
0.0000000594716
0.0000000594964
0.0000000947974
0.0000000669137
0.0000000594710
0.0000000596014
0.0000000595451
0.0000000594831
0.0000000594222
0.0000000594874
0.0000000972571
0.0000000637387
0.0000000594970
0.0000000594211
0.0000000596015
0.0000000595154
0.0000000594622
0.0000000595160
0.0000000991899
0.0000000594740
0.0000000594853
0.0000000595484
0.0000000595263
0.0000000594284
0.0000000596348
0.0000000609624
0.0000000989986
0.0000000594991
0.0000000594320
0.0000000594633
0.0000000598649
0.0000000595444
0.0000000594287
0.0000000645497
0.0000000967959
0.0000000594715
0.0000000594926
0.0000000596029
0.0000000594125
0.0000000595870
0.0000000598316
0.0000000678263
0.0000000930905
0.0000000595816
0.0000000594744
0.0000000594768
0.0000000595257
0.0000000596891
0.0000000594743
0.0000000706934
0.0000000897144
0.0000000594924
0.0000000594616
0.0000000594285
0.0000000594610
0.0000000594777
0.0000000594813
0.0000000750765
0.0000000877296
0.0000000595487
0.0000000597638
0.0000000595563
0.0000000598031
0.0000000594904
0.0000000702711
0.0000000858730
0.0000000751633
0.0000000594919
0.0000000595597
0.0000000595478
0.0000000596097
0.0000000594582
0.0000000594159
0.0000000895954
0.0000000716809
0.0000000594708
0.0000000594594
0.0000000595701
0.0000000595684
0.0000000595716
0.0000000594960
0.0000000930467
0.0000000680133
0.0000000594183
0.0000000595810
0.0000000595435
0.0000000594879
0.0000000596315
0.0000000594993
0.0000000968294
0.0000000645404
0.0000000594610
0.0000000594130
0.0000000595915
0.0000000594816
0.0000000594965
0.0000000594293
0.0000000979729
0.0000000611558
0.0000000595511
0.0000000595223
0.0000000594782
0.0000000595035
0.0000000595368
0.0000000603015
0.0000000991517
0.0000000595581
0.0000000596123
0.0000000595429
0.0000000596157
0.0000000595717
0.0000000594382
0.0000000638240
0.0000000970154
0.0000000595252
0.0000000594705
0.0000000594382
0.0000000596410
0.0000000595591
0.0000000596424
0.0000000670906
0.0000000938361
0.0000000594279
0.0000000594825
0.0000000595560
0.0000000596893
0.0000000594804
0.0000000594832
0.0000000700852
0.0000000909624
0.0000000595917
0.0000000594854
0.0000000594767
0.0000000595293
0.0000000594713
0.0000000594234
0.0000000733549
0.0000000882941
0.0000000597922
0.0000000596289
0.0000000594305
0.0000000594707
0.0000000594686
0.0000000595106
0.0000000753946
0.0000000860689
0.0000000594982
0.0000000595602
0.0000000594859
0.0000000595828
0.0000000595771
0.0000000595863
0.0000000781171
0.0000000831453
0.0000000594852
0.0000000594540
0.0000000596213
0.0000000595010
0.0000000596146
0.0000000594522
0.0000000811178
0.0000000804649
0.0000000594986
0.0000000595086
0.0000000596077
0.0000000595653
0.0000000595587
0.0000000594863
0.0000000838854
0.0000000767543
0.0000000594439
0.0000000596008
0.0000000596315
0.0000000594842
0.0000000594251
0.0000000594879
0.0000000882802
0.0000000731767
0.0000000597809
0.0000000594776
0.0000000594622
0.0000000594594
0.0000000595594
0.0000000594136
0.0000000904254
0.0000000709085
0.0000000595462
0.0000000594859
0.0000000595806
0.0000000594064
0.0000000595419
0.0000000595926
0.0000000936098
0.0000000666153
0.0000000595565
0.0000000594265
0.0000000595452
0.0000000596101
0.0000000594984
0.0000000595345
0.0000000968746
0.0000000638090
0.0000000594804
0.0000000594933
0.0000000594511
0.0000000595466
0.0000000594896
0.0000000595621
0.0000000981481
0.0000000611382
0.0000000594469
0.0000000595563
0.0000000595482
0.0000000595593
0.0000000595234
0.0000000603119
0.0000000985226
0.0000000594331
0.0000000596087
0.0000000595448
0.0000000595914
0.0000000594954
0.0000000594392
0.0000000630108
0.0000000979485
0.0000000595466
0.0000000595431
0.0000000594612
0.0000000594716
0.0000000595205
0.0000000594474
0.0000000660596
0.0000000963777
0.0000000594858
0.0000000598257
0.0000000598832
0.0000000595914
0.0000000594239
0.0000000595313
0.0000000667934
0.0000000939245
0.0000000595892
0.0000000594974
0.0000000594570
0.0000000594609
0.0000000595935
0.0000000595559
0.0000000709431
0.0000000902112
0.0000000594439
0.0000000594939
0.0000000596040
0.0000000593919
0.0000000595524
0.0000000594982
0.0000000743659
0.0000000862207
0.0000000595907
0.0000000595014
0.0000000595755
0.0000000595844
0.0000000594044
0.0000000594358
0.0000000778648
0.0000000831108
0.0000000596367
0.0000000594766
0.0000000594750
0.0000000595100
0.0000000594602
0.0000000595303
0.0000000806944
0.0000000794238
0.0000000596639
0.0000000594646
0.0000000596232
0.0000000594813
0.0000000594259
0.0000000594751
0.0000000844684
0.0000000768684
0.0000000595015
0.0000000594929
0.0000000594873
0.0000000594741
0.0000000595584
0.0000000595099
0.0000000867078
0.0000000738174
0.0000000595387
0.0000000595532
0.0000000594330
0.0000000595964
0.0000000594453
0.0000000594653
0.0000000915617
0.0000000705457
0.0000000594184
0.0000000595632
0.0000000595323
0.0000000596142
0.0000000594566
0.0000000595520
0.0000000949959
0.0000000654448
0.0000000599658
0.0000000594854
0.0000000598457
0.0000000594834
0.0000000594745
0.0000000593937
0.0000000989586
0.0000000620413
0.0000000594449
0.0000000595288
0.0000000595279
0.0000000595015
0.0000000595390
0.0000000595345
0.0000000982239
0.0000000596620
0.0000000594231
0.0000000594845
0.0000000597803
0.0000000594874
0.0000000594432
0.0000000636854
0.0000000981720
0.0000000594793
0.0000000594929
0.0000000596407
0.0000000595540
0.0000000594629
0.0000000596034
0.0000000667155
0.0000001052732
0.0000000595534
0.0000000594405
0.0000000594953
0.0000000597067
0.0000000594517
0.0000000595270
0.0000000733890
0.0000000888038
0.0000000597654
0.0000000596277
0.0000000594680
0.0000000595647
0.0000000594561
0.0000000594844
0.0000000759234
0.0000000862359
0.0000000594213
0.0000000597193
0.0000000595977
0.0000000594195
0.0000000594532
0.0000000594967
0.0000000795368
0.0000000817385
0.0000000595476
0.0000000594968
0.0000000594670
0.0000000594530
0.0000000595808
0.0000000594879
0.0000000829966
0.0000000777104
0.0000000594801
0.0000000595111
0.0000000594538
0.0000000594764
0.0000000595162
0.0000000594840
0.0000000867735
0.0000000802497
0.0000000594408
0.0000000594829
0.0000000594644
0.0000000597157
0.0000000595584
0.0000000595673
0.0000000957067
0.0000000659349
0.0000000594821
0.0000000595148
0.0000000595748
0.0000000595450
0.0000000594664
0.0000000594889
